{"C:\\Users\\62851\\Documents\\hacktiv8\\FSJS Phase 2\\HCK-71\\IP-HCK71\\server\\app.js": {"path":"C:\\Users\\62851\\Documents\\hacktiv8\\FSJS Phase 2\\HCK-71\\IP-HCK71\\server\\app.js","statementMap":{"0":{"start":{"line":1,"column":0},"end":{"line":1,"column":27}},"1":{"start":{"line":3,"column":16},"end":{"line":3,"column":34}},"2":{"start":{"line":4,"column":15},"end":{"line":4,"column":34}},"3":{"start":{"line":5,"column":21},"end":{"line":5,"column":58}},"4":{"start":{"line":6,"column":12},"end":{"line":6,"column":21}},"5":{"start":{"line":7,"column":13},"end":{"line":7,"column":28}},"6":{"start":{"line":10,"column":0},"end":{"line":10,"column":49}},"7":{"start":{"line":11,"column":0},"end":{"line":11,"column":24}},"8":{"start":{"line":13,"column":0},"end":{"line":13,"column":16}},"9":{"start":{"line":16,"column":0},"end":{"line":16,"column":16}},"10":{"start":{"line":19,"column":0},"end":{"line":19,"column":22}},"11":{"start":{"line":21,"column":0},"end":{"line":21,"column":21}}},"fnMap":{},"branchMap":{},"s":{"0":2,"1":2,"2":2,"3":2,"4":2,"5":2,"6":2,"7":2,"8":2,"9":2,"10":2,"11":2},"f":{},"b":{},"_coverageSchema":"1a1c01bbd47fc00a2c39e90264f33305004495a9","hash":"3b097125651a7d8fc7d5bad0f87dd7cd729c060e"}
,"C:\\Users\\62851\\Documents\\hacktiv8\\FSJS Phase 2\\HCK-71\\IP-HCK71\\server\\controllers\\MovieController.js": {"path":"C:\\Users\\62851\\Documents\\hacktiv8\\FSJS Phase 2\\HCK-71\\IP-HCK71\\server\\controllers\\MovieController.js","statementMap":{"0":{"start":{"line":1,"column":14},"end":{"line":1,"column":30}},"1":{"start":{"line":2,"column":27},"end":{"line":2,"column":47}},"2":{"start":{"line":4,"column":0},"end":{"line":137,"column":2}},"3":{"start":{"line":6,"column":4},"end":{"line":53,"column":5}},"4":{"start":{"line":7,"column":19},"end":{"line":17,"column":8}},"5":{"start":{"line":19,"column":19},"end":{"line":29,"column":8}},"6":{"start":{"line":20,"column":8},"end":{"line":28,"column":10}},"7":{"start":{"line":33,"column":6},"end":{"line":48,"column":9}},"8":{"start":{"line":34,"column":8},"end":{"line":47,"column":11}},"9":{"start":{"line":50,"column":6},"end":{"line":50,"column":33}},"10":{"start":{"line":52,"column":6},"end":{"line":52,"column":18}},"11":{"start":{"line":57,"column":4},"end":{"line":75,"column":5}},"12":{"start":{"line":58,"column":19},"end":{"line":58,"column":30}},"13":{"start":{"line":59,"column":20},"end":{"line":59,"column":38}},"14":{"start":{"line":62,"column":20},"end":{"line":62,"column":49}},"15":{"start":{"line":63,"column":6},"end":{"line":65,"column":7}},"16":{"start":{"line":64,"column":8},"end":{"line":64,"column":63}},"17":{"start":{"line":67,"column":23},"end":{"line":70,"column":8}},"18":{"start":{"line":72,"column":6},"end":{"line":72,"column":37}},"19":{"start":{"line":74,"column":6},"end":{"line":74,"column":18}},"20":{"start":{"line":79,"column":4},"end":{"line":96,"column":5}},"21":{"start":{"line":80,"column":23},"end":{"line":91,"column":8}},"22":{"start":{"line":93,"column":6},"end":{"line":93,"column":37}},"23":{"start":{"line":95,"column":6},"end":{"line":95,"column":18}},"24":{"start":{"line":100,"column":4},"end":{"line":118,"column":5}},"25":{"start":{"line":101,"column":31},"end":{"line":101,"column":39}},"26":{"start":{"line":102,"column":17},"end":{"line":102,"column":30}},"27":{"start":{"line":104,"column":6},"end":{"line":106,"column":7}},"28":{"start":{"line":105,"column":8},"end":{"line":105,"column":80}},"29":{"start":{"line":108,"column":20},"end":{"line":108,"column":46}},"30":{"start":{"line":109,"column":6},"end":{"line":111,"column":7}},"31":{"start":{"line":110,"column":8},"end":{"line":110,"column":63}},"32":{"start":{"line":113,"column":6},"end":{"line":113,"column":43}},"33":{"start":{"line":115,"column":6},"end":{"line":115,"column":66}},"34":{"start":{"line":117,"column":6},"end":{"line":117,"column":18}},"35":{"start":{"line":122,"column":4},"end":{"line":135,"column":5}},"36":{"start":{"line":123,"column":17},"end":{"line":123,"column":30}},"37":{"start":{"line":125,"column":20},"end":{"line":125,"column":46}},"38":{"start":{"line":126,"column":6},"end":{"line":128,"column":7}},"39":{"start":{"line":127,"column":8},"end":{"line":127,"column":63}},"40":{"start":{"line":130,"column":6},"end":{"line":130,"column":28}},"41":{"start":{"line":132,"column":6},"end":{"line":132,"column":66}},"42":{"start":{"line":134,"column":6},"end":{"line":134,"column":18}}},"fnMap":{"0":{"name":"(anonymous_0)","decl":{"start":{"line":5,"column":2},"end":{"line":5,"column":3}},"loc":{"start":{"line":5,"column":36},"end":{"line":54,"column":3}},"line":5},"1":{"name":"(anonymous_1)","decl":{"start":{"line":19,"column":43},"end":{"line":19,"column":44}},"loc":{"start":{"line":19,"column":54},"end":{"line":29,"column":7}},"line":19},"2":{"name":"(anonymous_2)","decl":{"start":{"line":33,"column":19},"end":{"line":33,"column":20}},"loc":{"start":{"line":33,"column":36},"end":{"line":48,"column":7}},"line":33},"3":{"name":"(anonymous_3)","decl":{"start":{"line":56,"column":2},"end":{"line":56,"column":3}},"loc":{"start":{"line":56,"column":46},"end":{"line":76,"column":3}},"line":56},"4":{"name":"(anonymous_4)","decl":{"start":{"line":78,"column":2},"end":{"line":78,"column":3}},"loc":{"start":{"line":78,"column":46},"end":{"line":97,"column":3}},"line":78},"5":{"name":"(anonymous_5)","decl":{"start":{"line":99,"column":2},"end":{"line":99,"column":3}},"loc":{"start":{"line":99,"column":50},"end":{"line":119,"column":3}},"line":99},"6":{"name":"(anonymous_6)","decl":{"start":{"line":121,"column":2},"end":{"line":121,"column":3}},"loc":{"start":{"line":121,"column":50},"end":{"line":136,"column":3}},"line":121}},"branchMap":{"0":{"loc":{"start":{"line":63,"column":6},"end":{"line":65,"column":7}},"type":"if","locations":[{"start":{"line":63,"column":6},"end":{"line":65,"column":7}},{"start":{},"end":{}}],"line":63},"1":{"loc":{"start":{"line":104,"column":6},"end":{"line":106,"column":7}},"type":"if","locations":[{"start":{"line":104,"column":6},"end":{"line":106,"column":7}},{"start":{},"end":{}}],"line":104},"2":{"loc":{"start":{"line":109,"column":6},"end":{"line":111,"column":7}},"type":"if","locations":[{"start":{"line":109,"column":6},"end":{"line":111,"column":7}},{"start":{},"end":{}}],"line":109},"3":{"loc":{"start":{"line":126,"column":6},"end":{"line":128,"column":7}},"type":"if","locations":[{"start":{"line":126,"column":6},"end":{"line":128,"column":7}},{"start":{},"end":{}}],"line":126}},"s":{"0":2,"1":2,"2":2,"3":0,"4":0,"5":0,"6":0,"7":0,"8":0,"9":0,"10":0,"11":1,"12":1,"13":1,"14":1,"15":1,"16":1,"17":0,"18":0,"19":1,"20":0,"21":0,"22":0,"23":0,"24":2,"25":2,"26":2,"27":2,"28":0,"29":2,"30":2,"31":2,"32":0,"33":0,"34":2,"35":2,"36":2,"37":2,"38":2,"39":2,"40":0,"41":0,"42":2},"f":{"0":0,"1":0,"2":0,"3":1,"4":0,"5":2,"6":2},"b":{"0":[1,0],"1":[0,2],"2":[2,0],"3":[2,0]},"_coverageSchema":"1a1c01bbd47fc00a2c39e90264f33305004495a9","hash":"02242abcfee89eb7c161a13b87054f3905ca6ee2"}
,"C:\\Users\\62851\\Documents\\hacktiv8\\FSJS Phase 2\\HCK-71\\IP-HCK71\\server\\controllers\\PaymentController.js": {"path":"C:\\Users\\62851\\Documents\\hacktiv8\\FSJS Phase 2\\HCK-71\\IP-HCK71\\server\\controllers\\PaymentController.js","statementMap":{"0":{"start":{"line":1,"column":23},"end":{"line":1,"column":49}},"1":{"start":{"line":2,"column":18},"end":{"line":2,"column":38}},"2":{"start":{"line":4,"column":0},"end":{"line":62,"column":2}},"3":{"start":{"line":6,"column":4},"end":{"line":60,"column":5}},"4":{"start":{"line":8,"column":17},"end":{"line":13,"column":8}},"5":{"start":{"line":15,"column":24},"end":{"line":34,"column":7}},"6":{"start":{"line":36,"column":26},"end":{"line":36,"column":65}},"7":{"start":{"line":45,"column":29},"end":{"line":45,"column":46}},"8":{"start":{"line":48,"column":6},"end":{"line":52,"column":9}},"9":{"start":{"line":54,"column":6},"end":{"line":57,"column":9}},"10":{"start":{"line":59,"column":6},"end":{"line":59,"column":18}}},"fnMap":{"0":{"name":"(anonymous_0)","decl":{"start":{"line":5,"column":2},"end":{"line":5,"column":3}},"loc":{"start":{"line":5,"column":48},"end":{"line":61,"column":3}},"line":5}},"branchMap":{},"s":{"0":2,"1":2,"2":2,"3":0,"4":0,"5":0,"6":0,"7":0,"8":0,"9":0,"10":0},"f":{"0":0},"b":{},"_coverageSchema":"1a1c01bbd47fc00a2c39e90264f33305004495a9","hash":"0453b8a4d81f6926cc5a5fe271cf3a98718bcee3"}
,"C:\\Users\\62851\\Documents\\hacktiv8\\FSJS Phase 2\\HCK-71\\IP-HCK71\\server\\controllers\\UserController.js": {"path":"C:\\Users\\62851\\Documents\\hacktiv8\\FSJS Phase 2\\HCK-71\\IP-HCK71\\server\\controllers\\UserController.js","statementMap":{"0":{"start":{"line":1,"column":28},"end":{"line":1,"column":56}},"1":{"start":{"line":2,"column":22},"end":{"line":2,"column":47}},"2":{"start":{"line":3,"column":24},"end":{"line":3,"column":44}},"3":{"start":{"line":4,"column":14},"end":{"line":4,"column":30}},"4":{"start":{"line":6,"column":0},"end":{"line":79,"column":2}},"5":{"start":{"line":8,"column":4},"end":{"line":30,"column":5}},"6":{"start":{"line":9,"column":34},"end":{"line":9,"column":42}},"7":{"start":{"line":10,"column":6},"end":{"line":12,"column":7}},"8":{"start":{"line":11,"column":8},"end":{"line":11,"column":69}},"9":{"start":{"line":13,"column":6},"end":{"line":15,"column":7}},"10":{"start":{"line":14,"column":8},"end":{"line":14,"column":72}},"11":{"start":{"line":17,"column":19},"end":{"line":17,"column":59}},"12":{"start":{"line":18,"column":6},"end":{"line":20,"column":7}},"13":{"start":{"line":19,"column":8},"end":{"line":19,"column":74}},"14":{"start":{"line":22,"column":30},"end":{"line":22,"column":70}},"15":{"start":{"line":23,"column":6},"end":{"line":25,"column":7}},"16":{"start":{"line":24,"column":8},"end":{"line":24,"column":74}},"17":{"start":{"line":27,"column":6},"end":{"line":27,"column":73}},"18":{"start":{"line":29,"column":6},"end":{"line":29,"column":18}}},"fnMap":{"0":{"name":"(anonymous_0)","decl":{"start":{"line":7,"column":2},"end":{"line":7,"column":3}},"loc":{"start":{"line":7,"column":37},"end":{"line":31,"column":3}},"line":7}},"branchMap":{"0":{"loc":{"start":{"line":10,"column":6},"end":{"line":12,"column":7}},"type":"if","locations":[{"start":{"line":10,"column":6},"end":{"line":12,"column":7}},{"start":{},"end":{}}],"line":10},"1":{"loc":{"start":{"line":13,"column":6},"end":{"line":15,"column":7}},"type":"if","locations":[{"start":{"line":13,"column":6},"end":{"line":15,"column":7}},{"start":{},"end":{}}],"line":13},"2":{"loc":{"start":{"line":18,"column":6},"end":{"line":20,"column":7}},"type":"if","locations":[{"start":{"line":18,"column":6},"end":{"line":20,"column":7}},{"start":{},"end":{}}],"line":18},"3":{"loc":{"start":{"line":23,"column":6},"end":{"line":25,"column":7}},"type":"if","locations":[{"start":{"line":23,"column":6},"end":{"line":25,"column":7}},{"start":{},"end":{}}],"line":23}},"s":{"0":2,"1":2,"2":2,"3":2,"4":2,"5":5,"6":5,"7":5,"8":1,"9":4,"10":1,"11":3,"12":3,"13":2,"14":1,"15":1,"16":0,"17":1,"18":4},"f":{"0":5},"b":{"0":[1,4],"1":[1,3],"2":[2,1],"3":[0,1]},"_coverageSchema":"1a1c01bbd47fc00a2c39e90264f33305004495a9","hash":"f069e3e7703f295be4f630971c42fd847ffe985a"}
,"C:\\Users\\62851\\Documents\\hacktiv8\\FSJS Phase 2\\HCK-71\\IP-HCK71\\server\\helpers\\bcrypt.js": {"path":"C:\\Users\\62851\\Documents\\hacktiv8\\FSJS Phase 2\\HCK-71\\IP-HCK71\\server\\helpers\\bcrypt.js","statementMap":{"0":{"start":{"line":1,"column":15},"end":{"line":1,"column":34}},"1":{"start":{"line":3,"column":21},"end":{"line":5,"column":1}},"2":{"start":{"line":4,"column":2},"end":{"line":4,"column":39}},"3":{"start":{"line":7,"column":24},"end":{"line":9,"column":1}},"4":{"start":{"line":8,"column":2},"end":{"line":8,"column":54}},"5":{"start":{"line":11,"column":0},"end":{"line":14,"column":2}}},"fnMap":{"0":{"name":"(anonymous_0)","decl":{"start":{"line":3,"column":21},"end":{"line":3,"column":22}},"loc":{"start":{"line":3,"column":35},"end":{"line":5,"column":1}},"line":3},"1":{"name":"(anonymous_1)","decl":{"start":{"line":7,"column":24},"end":{"line":7,"column":25}},"loc":{"start":{"line":7,"column":54},"end":{"line":9,"column":1}},"line":7}},"branchMap":{},"s":{"0":2,"1":2,"2":3,"3":2,"4":1,"5":2},"f":{"0":3,"1":1},"b":{},"_coverageSchema":"1a1c01bbd47fc00a2c39e90264f33305004495a9","hash":"3d7b6a4ea5f911b3b88c1a8922ae7c11d42972d0"}
,"C:\\Users\\62851\\Documents\\hacktiv8\\FSJS Phase 2\\HCK-71\\IP-HCK71\\server\\helpers\\jwt.js": {"path":"C:\\Users\\62851\\Documents\\hacktiv8\\FSJS Phase 2\\HCK-71\\IP-HCK71\\server\\helpers\\jwt.js","statementMap":{"0":{"start":{"line":1,"column":12},"end":{"line":1,"column":35}},"1":{"start":{"line":3,"column":19},"end":{"line":3,"column":41}},"2":{"start":{"line":5,"column":18},"end":{"line":7,"column":1}},"3":{"start":{"line":6,"column":2},"end":{"line":6,"column":39}},"4":{"start":{"line":9,"column":20},"end":{"line":11,"column":1}},"5":{"start":{"line":10,"column":2},"end":{"line":10,"column":39}},"6":{"start":{"line":13,"column":0},"end":{"line":16,"column":2}}},"fnMap":{"0":{"name":"(anonymous_0)","decl":{"start":{"line":5,"column":18},"end":{"line":5,"column":19}},"loc":{"start":{"line":5,"column":31},"end":{"line":7,"column":1}},"line":5},"1":{"name":"(anonymous_1)","decl":{"start":{"line":9,"column":20},"end":{"line":9,"column":21}},"loc":{"start":{"line":9,"column":31},"end":{"line":11,"column":1}},"line":9}},"branchMap":{},"s":{"0":2,"1":2,"2":2,"3":2,"4":2,"5":8,"6":2},"f":{"0":2,"1":8},"b":{},"_coverageSchema":"1a1c01bbd47fc00a2c39e90264f33305004495a9","hash":"68a10bf515f32126e91169fb8ba670cb12e6de98"}
,"C:\\Users\\62851\\Documents\\hacktiv8\\FSJS Phase 2\\HCK-71\\IP-HCK71\\server\\middlewares\\authentication.js": {"path":"C:\\Users\\62851\\Documents\\hacktiv8\\FSJS Phase 2\\HCK-71\\IP-HCK71\\server\\middlewares\\authentication.js","statementMap":{"0":{"start":{"line":1,"column":17},"end":{"line":1,"column":37}},"1":{"start":{"line":2,"column":24},"end":{"line":2,"column":49}},"2":{"start":{"line":4,"column":23},"end":{"line":33,"column":1}},"3":{"start":{"line":5,"column":2},"end":{"line":32,"column":3}},"4":{"start":{"line":8,"column":24},"end":{"line":8,"column":49}},"5":{"start":{"line":10,"column":4},"end":{"line":12,"column":5}},"6":{"start":{"line":11,"column":6},"end":{"line":11,"column":63}},"7":{"start":{"line":14,"column":26},"end":{"line":14,"column":48}},"8":{"start":{"line":15,"column":4},"end":{"line":17,"column":5}},"9":{"start":{"line":16,"column":6},"end":{"line":16,"column":63}},"10":{"start":{"line":19,"column":20},"end":{"line":19,"column":38}},"11":{"start":{"line":20,"column":19},"end":{"line":20,"column":29}},"12":{"start":{"line":22,"column":17},"end":{"line":22,"column":44}},"13":{"start":{"line":23,"column":4},"end":{"line":25,"column":5}},"14":{"start":{"line":24,"column":6},"end":{"line":24,"column":63}},"15":{"start":{"line":27,"column":4},"end":{"line":27,"column":31}},"16":{"start":{"line":29,"column":4},"end":{"line":29,"column":11}},"17":{"start":{"line":31,"column":4},"end":{"line":31,"column":16}},"18":{"start":{"line":35,"column":0},"end":{"line":35,"column":32}}},"fnMap":{"0":{"name":"(anonymous_0)","decl":{"start":{"line":4,"column":23},"end":{"line":4,"column":24}},"loc":{"start":{"line":4,"column":49},"end":{"line":33,"column":1}},"line":4}},"branchMap":{"0":{"loc":{"start":{"line":10,"column":4},"end":{"line":12,"column":5}},"type":"if","locations":[{"start":{"line":10,"column":4},"end":{"line":12,"column":5}},{"start":{},"end":{}}],"line":10},"1":{"loc":{"start":{"line":15,"column":4},"end":{"line":17,"column":5}},"type":"if","locations":[{"start":{"line":15,"column":4},"end":{"line":17,"column":5}},{"start":{},"end":{}}],"line":15},"2":{"loc":{"start":{"line":15,"column":8},"end":{"line":15,"column":35}},"type":"binary-expr","locations":[{"start":{"line":15,"column":8},"end":{"line":15,"column":25}},{"start":{"line":15,"column":29},"end":{"line":15,"column":35}}],"line":15},"3":{"loc":{"start":{"line":23,"column":4},"end":{"line":25,"column":5}},"type":"if","locations":[{"start":{"line":23,"column":4},"end":{"line":25,"column":5}},{"start":{},"end":{}}],"line":23}},"s":{"0":2,"1":2,"2":2,"3":12,"4":12,"5":12,"6":3,"7":9,"8":9,"9":1,"10":8,"11":5,"12":5,"13":5,"14":0,"15":5,"16":5,"17":7,"18":2},"f":{"0":12},"b":{"0":[3,9],"1":[1,8],"2":[9,9],"3":[0,5]},"_coverageSchema":"1a1c01bbd47fc00a2c39e90264f33305004495a9","hash":"10db83276fbe50c5f4d854941b3a81cafd5b79f6"}
,"C:\\Users\\62851\\Documents\\hacktiv8\\FSJS Phase 2\\HCK-71\\IP-HCK71\\server\\middlewares\\errorHandler.js": {"path":"C:\\Users\\62851\\Documents\\hacktiv8\\FSJS Phase 2\\HCK-71\\IP-HCK71\\server\\middlewares\\errorHandler.js","statementMap":{"0":{"start":{"line":1,"column":21},"end":{"line":27,"column":1}},"1":{"start":{"line":2,"column":2},"end":{"line":2,"column":43}},"2":{"start":{"line":3,"column":2},"end":{"line":26,"column":3}},"3":{"start":{"line":6,"column":6},"end":{"line":6,"column":63}},"4":{"start":{"line":7,"column":6},"end":{"line":7,"column":12}},"5":{"start":{"line":9,"column":6},"end":{"line":9,"column":53}},"6":{"start":{"line":10,"column":6},"end":{"line":10,"column":12}},"7":{"start":{"line":12,"column":6},"end":{"line":12,"column":53}},"8":{"start":{"line":13,"column":6},"end":{"line":13,"column":12}},"9":{"start":{"line":15,"column":6},"end":{"line":15,"column":53}},"10":{"start":{"line":16,"column":6},"end":{"line":16,"column":12}},"11":{"start":{"line":18,"column":6},"end":{"line":18,"column":57}},"12":{"start":{"line":19,"column":6},"end":{"line":19,"column":12}},"13":{"start":{"line":21,"column":6},"end":{"line":21,"column":53}},"14":{"start":{"line":22,"column":6},"end":{"line":22,"column":12}},"15":{"start":{"line":24,"column":6},"end":{"line":24,"column":65}},"16":{"start":{"line":25,"column":6},"end":{"line":25,"column":12}},"17":{"start":{"line":29,"column":0},"end":{"line":29,"column":30}}},"fnMap":{"0":{"name":"(anonymous_0)","decl":{"start":{"line":1,"column":21},"end":{"line":1,"column":22}},"loc":{"start":{"line":1,"column":46},"end":{"line":27,"column":1}},"line":1}},"branchMap":{"0":{"loc":{"start":{"line":3,"column":2},"end":{"line":26,"column":3}},"type":"switch","locations":[{"start":{"line":4,"column":4},"end":{"line":4,"column":42}},{"start":{"line":5,"column":4},"end":{"line":7,"column":12}},{"start":{"line":8,"column":4},"end":{"line":10,"column":12}},{"start":{"line":11,"column":4},"end":{"line":13,"column":12}},{"start":{"line":14,"column":4},"end":{"line":16,"column":12}},{"start":{"line":17,"column":4},"end":{"line":19,"column":12}},{"start":{"line":20,"column":4},"end":{"line":22,"column":12}},{"start":{"line":23,"column":4},"end":{"line":25,"column":12}}],"line":3}},"s":{"0":2,"1":16,"2":16,"3":0,"4":0,"5":2,"6":2,"7":0,"8":0,"9":6,"10":6,"11":3,"12":3,"13":5,"14":5,"15":0,"16":0,"17":2},"f":{"0":16},"b":{"0":[0,0,2,0,6,3,5,0]},"_coverageSchema":"1a1c01bbd47fc00a2c39e90264f33305004495a9","hash":"f70d16c9c8699fa8e92da7f03e8af521577c8c22"}
,"C:\\Users\\62851\\Documents\\hacktiv8\\FSJS Phase 2\\HCK-71\\IP-HCK71\\server\\models\\index.js": {"path":"C:\\Users\\62851\\Documents\\hacktiv8\\FSJS Phase 2\\HCK-71\\IP-HCK71\\server\\models\\index.js","statementMap":{"0":{"start":{"line":3,"column":11},"end":{"line":3,"column":24}},"1":{"start":{"line":4,"column":13},"end":{"line":4,"column":28}},"2":{"start":{"line":5,"column":18},"end":{"line":5,"column":38}},"3":{"start":{"line":6,"column":16},"end":{"line":6,"column":34}},"4":{"start":{"line":7,"column":17},"end":{"line":7,"column":42}},"5":{"start":{"line":8,"column":12},"end":{"line":8,"column":49}},"6":{"start":{"line":9,"column":15},"end":{"line":9,"column":65}},"7":{"start":{"line":10,"column":11},"end":{"line":10,"column":13}},"8":{"start":{"line":13,"column":0},"end":{"line":17,"column":1}},"9":{"start":{"line":14,"column":2},"end":{"line":14,"column":74}},"10":{"start":{"line":16,"column":2},"end":{"line":16,"column":87}},"11":{"start":{"line":19,"column":0},"end":{"line":32,"column":5}},"12":{"start":{"line":22,"column":4},"end":{"line":27,"column":6}},"13":{"start":{"line":30,"column":18},"end":{"line":30,"column":85}},"14":{"start":{"line":31,"column":4},"end":{"line":31,"column":27}},"15":{"start":{"line":34,"column":0},"end":{"line":38,"column":3}},"16":{"start":{"line":35,"column":2},"end":{"line":37,"column":3}},"17":{"start":{"line":36,"column":4},"end":{"line":36,"column":32}},"18":{"start":{"line":40,"column":0},"end":{"line":40,"column":25}},"19":{"start":{"line":41,"column":0},"end":{"line":41,"column":25}},"20":{"start":{"line":43,"column":0},"end":{"line":43,"column":20}}},"fnMap":{"0":{"name":"(anonymous_0)","decl":{"start":{"line":21,"column":10},"end":{"line":21,"column":11}},"loc":{"start":{"line":21,"column":18},"end":{"line":28,"column":3}},"line":21},"1":{"name":"(anonymous_1)","decl":{"start":{"line":29,"column":11},"end":{"line":29,"column":12}},"loc":{"start":{"line":29,"column":19},"end":{"line":32,"column":3}},"line":29},"2":{"name":"(anonymous_2)","decl":{"start":{"line":34,"column":24},"end":{"line":34,"column":25}},"loc":{"start":{"line":34,"column":37},"end":{"line":38,"column":1}},"line":34}},"branchMap":{"0":{"loc":{"start":{"line":8,"column":12},"end":{"line":8,"column":49}},"type":"binary-expr","locations":[{"start":{"line":8,"column":12},"end":{"line":8,"column":32}},{"start":{"line":8,"column":36},"end":{"line":8,"column":49}}],"line":8},"1":{"loc":{"start":{"line":13,"column":0},"end":{"line":17,"column":1}},"type":"if","locations":[{"start":{"line":13,"column":0},"end":{"line":17,"column":1}},{"start":{"line":15,"column":7},"end":{"line":17,"column":1}}],"line":13},"2":{"loc":{"start":{"line":23,"column":6},"end":{"line":26,"column":37}},"type":"binary-expr","locations":[{"start":{"line":23,"column":6},"end":{"line":23,"column":29}},{"start":{"line":24,"column":6},"end":{"line":24,"column":23}},{"start":{"line":25,"column":6},"end":{"line":25,"column":30}},{"start":{"line":26,"column":6},"end":{"line":26,"column":37}}],"line":23},"3":{"loc":{"start":{"line":35,"column":2},"end":{"line":37,"column":3}},"type":"if","locations":[{"start":{"line":35,"column":2},"end":{"line":37,"column":3}},{"start":{},"end":{}}],"line":35}},"s":{"0":2,"1":2,"2":2,"3":2,"4":2,"5":2,"6":2,"7":2,"8":2,"9":0,"10":2,"11":2,"12":10,"13":8,"14":8,"15":2,"16":8,"17":8,"18":2,"19":2,"20":2},"f":{"0":10,"1":8,"2":8},"b":{"0":[2,0],"1":[0,2],"2":[10,10,8,8],"3":[8,0]},"_coverageSchema":"1a1c01bbd47fc00a2c39e90264f33305004495a9","hash":"2f4957c053b2db3638b9f61d66bc212b87a27542"}
,"C:\\Users\\62851\\Documents\\hacktiv8\\FSJS Phase 2\\HCK-71\\IP-HCK71\\server\\models\\movie.js": {"path":"C:\\Users\\62851\\Documents\\hacktiv8\\FSJS Phase 2\\HCK-71\\IP-HCK71\\server\\models\\movie.js","statementMap":{"0":{"start":{"line":2,"column":18},"end":{"line":2,"column":38}},"1":{"start":{"line":3,"column":0},"end":{"line":42,"column":2}},"2":{"start":{"line":12,"column":6},"end":{"line":12,"column":63}},"3":{"start":{"line":15,"column":2},"end":{"line":40,"column":4}},"4":{"start":{"line":41,"column":2},"end":{"line":41,"column":15}}},"fnMap":{"0":{"name":"(anonymous_0)","decl":{"start":{"line":3,"column":17},"end":{"line":3,"column":18}},"loc":{"start":{"line":3,"column":43},"end":{"line":42,"column":1}},"line":3},"1":{"name":"(anonymous_1)","decl":{"start":{"line":10,"column":4},"end":{"line":10,"column":5}},"loc":{"start":{"line":10,"column":29},"end":{"line":13,"column":5}},"line":10}},"branchMap":{},"s":{"0":2,"1":2,"2":2,"3":2,"4":2},"f":{"0":2,"1":2},"b":{},"_coverageSchema":"1a1c01bbd47fc00a2c39e90264f33305004495a9","hash":"f9c9ba9b7ceacec5987da74a00df48c8bb4400bc"}
,"C:\\Users\\62851\\Documents\\hacktiv8\\FSJS Phase 2\\HCK-71\\IP-HCK71\\server\\models\\mymovie.js": {"path":"C:\\Users\\62851\\Documents\\hacktiv8\\FSJS Phase 2\\HCK-71\\IP-HCK71\\server\\models\\mymovie.js","statementMap":{"0":{"start":{"line":2,"column":18},"end":{"line":2,"column":38}},"1":{"start":{"line":3,"column":0},"end":{"line":27,"column":2}},"2":{"start":{"line":12,"column":6},"end":{"line":12,"column":63}},"3":{"start":{"line":13,"column":6},"end":{"line":13,"column":65}},"4":{"start":{"line":16,"column":2},"end":{"line":25,"column":4}},"5":{"start":{"line":26,"column":2},"end":{"line":26,"column":17}}},"fnMap":{"0":{"name":"(anonymous_0)","decl":{"start":{"line":3,"column":17},"end":{"line":3,"column":18}},"loc":{"start":{"line":3,"column":43},"end":{"line":27,"column":1}},"line":3},"1":{"name":"(anonymous_1)","decl":{"start":{"line":10,"column":4},"end":{"line":10,"column":5}},"loc":{"start":{"line":10,"column":29},"end":{"line":14,"column":5}},"line":10}},"branchMap":{},"s":{"0":2,"1":2,"2":2,"3":2,"4":2,"5":2},"f":{"0":2,"1":2},"b":{},"_coverageSchema":"1a1c01bbd47fc00a2c39e90264f33305004495a9","hash":"933f8c25d7b98cb979d95715ca565941b6d72f46"}
,"C:\\Users\\62851\\Documents\\hacktiv8\\FSJS Phase 2\\HCK-71\\IP-HCK71\\server\\models\\order.js": {"path":"C:\\Users\\62851\\Documents\\hacktiv8\\FSJS Phase 2\\HCK-71\\IP-HCK71\\server\\models\\order.js","statementMap":{"0":{"start":{"line":2,"column":18},"end":{"line":2,"column":38}},"1":{"start":{"line":3,"column":0},"end":{"line":40,"column":2}},"2":{"start":{"line":12,"column":6},"end":{"line":12,"column":61}},"3":{"start":{"line":15,"column":2},"end":{"line":38,"column":4}},"4":{"start":{"line":39,"column":2},"end":{"line":39,"column":15}}},"fnMap":{"0":{"name":"(anonymous_0)","decl":{"start":{"line":3,"column":17},"end":{"line":3,"column":18}},"loc":{"start":{"line":3,"column":43},"end":{"line":40,"column":1}},"line":3},"1":{"name":"(anonymous_1)","decl":{"start":{"line":10,"column":4},"end":{"line":10,"column":5}},"loc":{"start":{"line":10,"column":29},"end":{"line":13,"column":5}},"line":10}},"branchMap":{},"s":{"0":2,"1":2,"2":2,"3":2,"4":2},"f":{"0":2,"1":2},"b":{},"_coverageSchema":"1a1c01bbd47fc00a2c39e90264f33305004495a9","hash":"12dee091e71af0fac1dd7f62872f4480dfe5a3df"}
,"C:\\Users\\62851\\Documents\\hacktiv8\\FSJS Phase 2\\HCK-71\\IP-HCK71\\server\\models\\user.js": {"path":"C:\\Users\\62851\\Documents\\hacktiv8\\FSJS Phase 2\\HCK-71\\IP-HCK71\\server\\models\\user.js","statementMap":{"0":{"start":{"line":2,"column":18},"end":{"line":2,"column":38}},"1":{"start":{"line":3,"column":25},"end":{"line":3,"column":53}},"2":{"start":{"line":4,"column":0},"end":{"line":71,"column":2}},"3":{"start":{"line":13,"column":6},"end":{"line":13,"column":59}},"4":{"start":{"line":14,"column":6},"end":{"line":14,"column":61}},"5":{"start":{"line":17,"column":2},"end":{"line":64,"column":4}},"6":{"start":{"line":66,"column":2},"end":{"line":68,"column":5}},"7":{"start":{"line":67,"column":4},"end":{"line":67,"column":48}},"8":{"start":{"line":70,"column":2},"end":{"line":70,"column":14}}},"fnMap":{"0":{"name":"(anonymous_0)","decl":{"start":{"line":4,"column":17},"end":{"line":4,"column":18}},"loc":{"start":{"line":4,"column":43},"end":{"line":71,"column":1}},"line":4},"1":{"name":"(anonymous_1)","decl":{"start":{"line":11,"column":4},"end":{"line":11,"column":5}},"loc":{"start":{"line":11,"column":29},"end":{"line":15,"column":5}},"line":11},"2":{"name":"(anonymous_2)","decl":{"start":{"line":66,"column":20},"end":{"line":66,"column":21}},"loc":{"start":{"line":66,"column":30},"end":{"line":68,"column":3}},"line":66}},"branchMap":{},"s":{"0":2,"1":2,"2":2,"3":2,"4":2,"5":2,"6":2,"7":0,"8":2},"f":{"0":2,"1":2,"2":0},"b":{},"_coverageSchema":"1a1c01bbd47fc00a2c39e90264f33305004495a9","hash":"2f07e7cc055446ca5dc64aa072a7e6d19f756318"}
,"C:\\Users\\62851\\Documents\\hacktiv8\\FSJS Phase 2\\HCK-71\\IP-HCK71\\server\\routes\\index.js": {"path":"C:\\Users\\62851\\Documents\\hacktiv8\\FSJS Phase 2\\HCK-71\\IP-HCK71\\server\\routes\\index.js","statementMap":{"0":{"start":{"line":1,"column":16},"end":{"line":1,"column":34}},"1":{"start":{"line":2,"column":15},"end":{"line":2,"column":31}},"2":{"start":{"line":3,"column":24},"end":{"line":3,"column":65}},"3":{"start":{"line":4,"column":23},"end":{"line":4,"column":63}},"4":{"start":{"line":5,"column":23},"end":{"line":5,"column":63}},"5":{"start":{"line":6,"column":26},"end":{"line":6,"column":69}},"6":{"start":{"line":9,"column":0},"end":{"line":9,"column":44}},"7":{"start":{"line":11,"column":0},"end":{"line":11,"column":27}},"8":{"start":{"line":14,"column":0},"end":{"line":14,"column":38}},"9":{"start":{"line":18,"column":0},"end":{"line":18,"column":65}},"10":{"start":{"line":21,"column":0},"end":{"line":21,"column":66}},"11":{"start":{"line":22,"column":0},"end":{"line":22,"column":56}},"12":{"start":{"line":23,"column":0},"end":{"line":23,"column":64}},"13":{"start":{"line":24,"column":0},"end":{"line":24,"column":67}},"14":{"start":{"line":26,"column":0},"end":{"line":26,"column":24}}},"fnMap":{},"branchMap":{},"s":{"0":2,"1":2,"2":2,"3":2,"4":2,"5":2,"6":2,"7":2,"8":2,"9":2,"10":2,"11":2,"12":2,"13":2,"14":2},"f":{},"b":{},"_coverageSchema":"1a1c01bbd47fc00a2c39e90264f33305004495a9","hash":"5789de5776d7d641a0b7f9a38c3b2282ed7adbff"}
}
