TN:
SF:app.js
FNF:0
FNH:0
DA:1,2
DA:3,2
DA:4,2
DA:5,2
DA:6,2
DA:7,2
DA:10,2
DA:11,2
DA:13,2
DA:16,2
DA:19,2
DA:21,2
LF:12
LH:12
BRF:0
BRH:0
end_of_record
TN:
SF:controllers\MovieController.js
FN:5,(anonymous_0)
FN:19,(anonymous_1)
FN:33,(anonymous_2)
FN:56,(anonymous_3)
FN:78,(anonymous_4)
FN:99,(anonymous_5)
FN:121,(anonymous_6)
FNF:7
FNH:3
FNDA:0,(anonymous_0)
FNDA:0,(anonymous_1)
FNDA:0,(anonymous_2)
FNDA:1,(anonymous_3)
FNDA:0,(anonymous_4)
FNDA:2,(anonymous_5)
FNDA:2,(anonymous_6)
DA:1,2
DA:2,2
DA:4,2
DA:6,0
DA:7,0
DA:19,0
DA:20,0
DA:33,0
DA:34,0
DA:50,0
DA:52,0
DA:57,1
DA:58,1
DA:59,1
DA:62,1
DA:63,1
DA:64,1
DA:67,0
DA:72,0
DA:74,1
DA:79,0
DA:80,0
DA:93,0
DA:95,0
DA:100,2
DA:101,2
DA:102,2
DA:104,2
DA:105,0
DA:108,2
DA:109,2
DA:110,2
DA:113,0
DA:115,0
DA:117,2
DA:122,2
DA:123,2
DA:125,2
DA:126,2
DA:127,2
DA:130,0
DA:132,0
DA:134,2
LF:43
LH:24
BRDA:63,0,0,1
BRDA:63,0,1,0
BRDA:104,1,0,0
BRDA:104,1,1,2
BRDA:109,2,0,2
BRDA:109,2,1,0
BRDA:126,3,0,2
BRDA:126,3,1,0
BRF:8
BRH:4
end_of_record
TN:
SF:controllers\PaymentController.js
FN:5,(anonymous_0)
FNF:1
FNH:0
FNDA:0,(anonymous_0)
DA:1,2
DA:2,2
DA:4,2
DA:6,0
DA:8,0
DA:15,0
DA:36,0
DA:45,0
DA:48,0
DA:54,0
DA:59,0
LF:11
LH:3
BRF:0
BRH:0
end_of_record
TN:
SF:controllers\UserController.js
FN:7,(anonymous_0)
FNF:1
FNH:1
FNDA:5,(anonymous_0)
DA:1,2
DA:2,2
DA:3,2
DA:4,2
DA:6,2
DA:8,5
DA:9,5
DA:10,5
DA:11,1
DA:13,4
DA:14,1
DA:17,3
DA:18,3
DA:19,2
DA:22,1
DA:23,1
DA:24,0
DA:27,1
DA:29,4
LF:19
LH:18
BRDA:10,0,0,1
BRDA:10,0,1,4
BRDA:13,1,0,1
BRDA:13,1,1,3
BRDA:18,2,0,2
BRDA:18,2,1,1
BRDA:23,3,0,0
BRDA:23,3,1,1
BRF:8
BRH:7
end_of_record
TN:
SF:helpers\bcrypt.js
FN:3,(anonymous_0)
FN:7,(anonymous_1)
FNF:2
FNH:2
FNDA:3,(anonymous_0)
FNDA:1,(anonymous_1)
DA:1,2
DA:3,2
DA:4,3
DA:7,2
DA:8,1
DA:11,2
LF:6
LH:6
BRF:0
BRH:0
end_of_record
TN:
SF:helpers\jwt.js
FN:5,(anonymous_0)
FN:9,(anonymous_1)
FNF:2
FNH:2
FNDA:2,(anonymous_0)
FNDA:8,(anonymous_1)
DA:1,2
DA:3,2
DA:5,2
DA:6,2
DA:9,2
DA:10,8
DA:13,2
LF:7
LH:7
BRF:0
BRH:0
end_of_record
TN:
SF:middlewares\authentication.js
FN:4,(anonymous_0)
FNF:1
FNH:1
FNDA:12,(anonymous_0)
DA:1,2
DA:2,2
DA:4,2
DA:5,12
DA:8,12
DA:10,12
DA:11,3
DA:14,9
DA:15,9
DA:16,1
DA:19,8
DA:20,5
DA:22,5
DA:23,5
DA:24,0
DA:27,5
DA:29,5
DA:31,7
DA:35,2
LF:19
LH:18
BRDA:10,0,0,3
BRDA:10,0,1,9
BRDA:15,1,0,1
BRDA:15,1,1,8
BRDA:15,2,0,9
BRDA:15,2,1,9
BRDA:23,3,0,0
BRDA:23,3,1,5
BRF:8
BRH:7
end_of_record
TN:
SF:middlewares\errorHandler.js
FN:1,(anonymous_0)
FNF:1
FNH:1
FNDA:16,(anonymous_0)
DA:1,2
DA:2,16
DA:3,16
DA:6,0
DA:7,0
DA:9,2
DA:10,2
DA:12,0
DA:13,0
DA:15,6
DA:16,6
DA:18,3
DA:19,3
DA:21,5
DA:22,5
DA:24,0
DA:25,0
DA:29,2
LF:18
LH:12
BRDA:3,0,0,0
BRDA:3,0,1,0
BRDA:3,0,2,2
BRDA:3,0,3,0
BRDA:3,0,4,6
BRDA:3,0,5,3
BRDA:3,0,6,5
BRDA:3,0,7,0
BRF:8
BRH:4
end_of_record
TN:
SF:models\index.js
FN:21,(anonymous_0)
FN:29,(anonymous_1)
FN:34,(anonymous_2)
FNF:3
FNH:3
FNDA:10,(anonymous_0)
FNDA:8,(anonymous_1)
FNDA:8,(anonymous_2)
DA:3,2
DA:4,2
DA:5,2
DA:6,2
DA:7,2
DA:8,2
DA:9,2
DA:10,2
DA:13,2
DA:14,0
DA:16,2
DA:19,2
DA:22,10
DA:30,8
DA:31,8
DA:34,2
DA:35,8
DA:36,8
DA:40,2
DA:41,2
DA:43,2
LF:21
LH:20
BRDA:8,0,0,2
BRDA:8,0,1,0
BRDA:13,1,0,0
BRDA:13,1,1,2
BRDA:23,2,0,10
BRDA:23,2,1,10
BRDA:23,2,2,8
BRDA:23,2,3,8
BRDA:35,3,0,8
BRDA:35,3,1,0
BRF:10
BRH:7
end_of_record
TN:
SF:models\movie.js
FN:3,(anonymous_0)
FN:10,(anonymous_1)
FNF:2
FNH:2
FNDA:2,(anonymous_0)
FNDA:2,(anonymous_1)
DA:2,2
DA:3,2
DA:12,2
DA:15,2
DA:41,2
LF:5
LH:5
BRF:0
BRH:0
end_of_record
TN:
SF:models\mymovie.js
FN:3,(anonymous_0)
FN:10,(anonymous_1)
FNF:2
FNH:2
FNDA:2,(anonymous_0)
FNDA:2,(anonymous_1)
DA:2,2
DA:3,2
DA:12,2
DA:13,2
DA:16,2
DA:26,2
LF:6
LH:6
BRF:0
BRH:0
end_of_record
TN:
SF:models\order.js
FN:3,(anonymous_0)
FN:10,(anonymous_1)
FNF:2
FNH:2
FNDA:2,(anonymous_0)
FNDA:2,(anonymous_1)
DA:2,2
DA:3,2
DA:12,2
DA:15,2
DA:39,2
LF:5
LH:5
BRF:0
BRH:0
end_of_record
TN:
SF:models\user.js
FN:4,(anonymous_0)
FN:11,(anonymous_1)
FN:66,(anonymous_2)
FNF:3
FNH:2
FNDA:2,(anonymous_0)
FNDA:2,(anonymous_1)
FNDA:0,(anonymous_2)
DA:2,2
DA:3,2
DA:4,2
DA:13,2
DA:14,2
DA:17,2
DA:66,2
DA:67,0
DA:70,2
LF:9
LH:8
BRF:0
BRH:0
end_of_record
TN:
SF:routes\index.js
FNF:0
FNH:0
DA:1,2
DA:2,2
DA:3,2
DA:4,2
DA:5,2
DA:6,2
DA:9,2
DA:11,2
DA:14,2
DA:18,2
DA:21,2
DA:22,2
DA:23,2
DA:24,2
DA:26,2
LF:15
LH:15
BRF:0
BRH:0
end_of_record
